

***********************************************************************
Fatal NI connect error 12560, connecting to:
 (DESCRIPTION=(address=(protocol=tcp)(host=saphir.semafor.ch)(port=1543))(connect_data=(service_name=trac3.oerlikon.bombardier.com)(CID=(PROGRAM=intens@rubin)(HOST=rubin)(USER=bas))))

  VERSION INFORMATION:
	TNS for Linux: Version 10.2.0.1.0 - Production
	TCP/IP NT Protocol Adapter for Linux: Version 10.2.0.1.0 - Production
  Time: 19-OKT-2007 10:17:48
  Tracing not turned on.
  Tns error struct:
    ns main err code: 12560
    TNS-12560: TNS:protocol adapter error
    ns secondary err code: 0
    nt main err code: 530
    TNS-00530: Protocol adapter error
    nt secondary err code: 113
    nt OS err code: 0


***********************************************************************
Fatal NI connect error 12560, connecting to:
 (DESCRIPTION=(address=(protocol=tcp)(host=saphir.semafor.ch)(port=1543))(connect_data=(service_name=trac3.oerlikon.bombardier.com)(CID=(PROGRAM=intens)(HOST=rubin)(USER=bas))))

  VERSION INFORMATION:
	TNS for Linux: Version 10.2.0.1.0 - Production
	TCP/IP NT Protocol Adapter for Linux: Version 10.2.0.1.0 - Production
  Time: 19-OKT-2007 10:17:51
  Tracing not turned on.
  Tns error struct:
    ns main err code: 12560
    TNS-12560: TNS:protocol adapter error
    ns secondary err code: 0
    nt main err code: 530
    TNS-00530: Protocol adapter error
    nt secondary err code: 113
    nt OS err code: 0


***********************************************************************
Fatal NI connect error 12560, connecting to:
 (DESCRIPTION=(address=(protocol=tcp)(host=saphir.semafor.ch)(port=1543))(connect_data=(service_name=trac3.oerlikon.bombardier.com)(CID=(PROGRAM=intens)(HOST=rubin)(USER=bas))))

  VERSION INFORMATION:
	TNS for Linux: Version 10.2.0.1.0 - Production
	TCP/IP NT Protocol Adapter for Linux: Version 10.2.0.1.0 - Production
  Time: 19-OKT-2007 10:18:00
  Tracing not turned on.
  Tns error struct:
    ns main err code: 12560
    TNS-12560: TNS:protocol adapter error
    ns secondary err code: 0
    nt main err code: 530
    TNS-00530: Protocol adapter error
    nt secondary err code: 113
    nt OS err code: 0


***********************************************************************
Fatal NI connect error 12560, connecting to:
 (DESCRIPTION=(address=(protocol=tcp)(host=saphir.semafor.ch)(port=1543))(connect_data=(service_name=trac3.oerlikon.bombardier.com)(CID=(PROGRAM=intens)(HOST=rubin)(USER=bas))))

  VERSION INFORMATION:
	TNS for Linux: Version 10.2.0.1.0 - Production
	TCP/IP NT Protocol Adapter for Linux: Version 10.2.0.1.0 - Production
  Time: 19-OKT-2007 10:18:03
  Tracing not turned on.
  Tns error struct:
    ns main err code: 12560
    TNS-12560: TNS:protocol adapter error
    ns secondary err code: 0
    nt main err code: 530
    TNS-00530: Protocol adapter error
    nt secondary err code: 113
    nt OS err code: 0
